<?xml version="1.0" encoding="UTF-8"?>
<!-- Generated by org.testng.reporters.JUnitReportReporter -->
<testsuite hostname="krawlnetpc-Vostro-3800" name="testScript.TC001_testLogin" tests="1" failures="0" timestamp="16 Aug 2017 10:01:00 GMT" time="7.501" errors="0">
  <testcase name="testlogin" time="7.501" classname="testScript.TC001_testLogin"/>
</testsuite> <!-- testScript.TC001_testLogin -->
