<?xml version="1.0" encoding="UTF-8"?>
<!-- Generated by org.testng.reporters.JUnitReportReporter -->
<testsuite hostname="krawlnetpc-Vostro-3800" name="testScript.TC002_testRegistration" tests="1" failures="0" timestamp="16 Aug 2017 10:01:00 GMT" time="33.129" errors="0">
  <testcase name="testregistrationWithData" time="33.129" classname="testScript.TC002_testRegistration"/>
</testsuite> <!-- testScript.TC002_testRegistration -->
